<?xml version="1.0" encoding="UTF-8"?>
<testsuite xmlns:xsi="http://www.w3.org/2001/XMLSchema-instance" xsi:noNamespaceSchemaLocation="https://maven.apache.org/surefire/maven-surefire-plugin/xsd/surefire-test-report-3.0.xsd" version="3.0" name="com.revature.TestRunner" time="4.123" tests="7" errors="2" skipped="0" failures="0">
  <properties>
[...]
</properties>
  <testcase name="Positive scenario user login" classname="Login" time="0.451">
    <system-out><![CDATA[
@Login @REV-TC-11 @JREQ-REV-17
Scenario Outline: Positive scenario user login                              &amp#27;[90m# features/Login.feature:14&amp#27;[0m
  &amp#27;[32mGiven &amp#27;[0m&amp#27;[32mThe user navigates to the landing page&amp#27;[0m                              &amp#27;[90m# com.revature.step.LoginSteps.the_user_navigates_to_the_landing_page()&amp#27;[0m
  &amp#27;[32mWhen &amp#27;[0m&amp#27;[32mThe user enters username &amp#27;[0m&amp#27;[32m&amp#27;[1m"CarlSagan"&amp#27;[0m                                 &amp#27;[90m# com.revature.step.LoginSteps.the_user_enters_username(java.lang.String)&amp#27;[0m
  &amp#27;[32mWhen &amp#27;[0m&amp#27;[32mThe user enters password &amp#27;[0m&amp#27;[32m&amp#27;[1m"Cosmos@2024"&amp#27;[0m                               &amp#27;[90m# com.revature.step.LoginSteps.the_user_enters_a_password(java.lang.String)&amp#27;[0m
  &amp#27;[32mWhen &amp#27;[0m&amp#27;[32mThe user clicks the login button&amp#27;[0m                                     &amp#27;[90m# com.revature.step.LoginSteps.the_user_clicks_the_login_button()&amp#27;[0m
  &amp#27;[32mThen &amp#27;[0m&amp#27;[32mThe user should be logged in successfully and redirected to homepage&amp#27;[0m &amp#27;[90m# com.revature.step.LoginSteps.the_user_should_be_logged_in_successfully_and_redirected_to_homepage()&amp#27;[0m
]]></system-out>
  </testcase>
  <testcase name="Negative Scenario Invalid password" classname="Login" time="0.366">
    <system-out><![CDATA[
@Login @REV-TC-12 @JREQ-REV-18
Scenario Outline: Negative Scenario Invalid password     &amp#27;[90m# features/Login.feature:26&amp#27;[0m
  &amp#27;[32mGiven &amp#27;[0m&amp#27;[32mThe user navigates to the landing page&amp#27;[0m           &amp#27;[90m# com.revature.step.LoginSteps.the_user_navigates_to_the_landing_page()&amp#27;[0m
  &amp#27;[32mWhen &amp#27;[0m&amp#27;[32mThe user enters username &amp#27;[0m&amp#27;[32m&amp#27;[1m"CarlSagan"&amp#27;[0m              &amp#27;[90m# com.revature.step.LoginSteps.the_user_enters_username(java.lang.String)&amp#27;[0m
  &amp#27;[32mWhen &amp#27;[0m&amp#27;[32mThe user enters invalid password &amp#27;[0m&amp#27;[32m&amp#27;[1m"Galaxy@2023"&amp#27;[0m    &amp#27;[90m# com.revature.step.LoginSteps.the_user_enters_invalid_password(java.lang.String)&amp#27;[0m
  &amp#27;[32mWhen &amp#27;[0m&amp#27;[32mThe user clicks the login button&amp#27;[0m                  &amp#27;[90m# com.revature.step.LoginSteps.the_user_clicks_the_login_button()&amp#27;[0m
  &amp#27;[32mThen &amp#27;[0m&amp#27;[32mThe user should be informed that the login failed&amp#27;[0m &amp#27;[90m# com.revature.step.LoginSteps.the_user_should_be_informed_the_login_failed()&amp#27;[0m
]]></system-out>
  </testcase>
  <testcase name="Negative Scenario Invalid username" classname="Login" time="0.246">
    <system-out><![CDATA[
@Login @REV-TC-13 @JREQ-REV-19
Scenario Outline: Negative Scenario Invalid username        &amp#27;[90m# features/Login.feature:38&amp#27;[0m
  &amp#27;[32mGiven &amp#27;[0m&amp#27;[32mThe user navigates to the landing page&amp#27;[0m              &amp#27;[90m# com.revature.step.LoginSteps.the_user_navigates_to_the_landing_page()&amp#27;[0m
  &amp#27;[32mWhen &amp#27;[0m&amp#27;[32mThe user enters invalid username &amp#27;[0m&amp#27;[32m&amp#27;[1m"NeilDegrasseTyson"&amp#27;[0m &amp#27;[90m# com.revature.step.LoginSteps.the_user_enters_invalid_username(java.lang.String)&amp#27;[0m
  &amp#27;[32mWhen &amp#27;[0m&amp#27;[32mThe user enters password &amp#27;[0m&amp#27;[32m&amp#27;[1m"Cosmos@2024"&amp#27;[0m               &amp#27;[90m# com.revature.step.LoginSteps.the_user_enters_a_password(java.lang.String)&amp#27;[0m
  &amp#27;[32mWhen &amp#27;[0m&amp#27;[32mThe user clicks the login button&amp#27;[0m                     &amp#27;[90m# com.revature.step.LoginSteps.the_user_clicks_the_login_button()&amp#27;[0m
  &amp#27;[32mThen &amp#27;[0m&amp#27;[32mThe user should be informed that the login failed&amp#27;[0m    &amp#27;[90m# com.revature.step.LoginSteps.the_user_should_be_informed_the_login_failed()&amp#27;[0m
]]></system-out>
  </testcase>
  <testcase name="Negative scenario empty username" classname="Login" time="0.185">
    <system-out><![CDATA[
@Login @REV-TC-14 @JREQ-REV-20
Scenario Outline: Negative scenario empty username       &amp#27;[90m# features/Login.feature:50&amp#27;[0m
  &amp#27;[32mGiven &amp#27;[0m&amp#27;[32mThe user navigates to the landing page&amp#27;[0m           &amp#27;[90m# com.revature.step.LoginSteps.the_user_navigates_to_the_landing_page()&amp#27;[0m
  &amp#27;[32mWhen &amp#27;[0m&amp#27;[32mThe user enters empty username &amp#27;[0m&amp#27;[32m&amp#27;[1m""&amp#27;[0m                 &amp#27;[90m# com.revature.step.LoginSteps.the_user_enters_empty_username(java.lang.String)&amp#27;[0m
  &amp#27;[32mWhen &amp#27;[0m&amp#27;[32mThe user enters password &amp#27;[0m&amp#27;[32m&amp#27;[1m"Cosmos@2024"&amp#27;[0m            &amp#27;[90m# com.revature.step.LoginSteps.the_user_enters_a_password(java.lang.String)&amp#27;[0m
  &amp#27;[32mWhen &amp#27;[0m&amp#27;[32mThe user clicks the login button&amp#27;[0m                  &amp#27;[90m# com.revature.step.LoginSteps.the_user_clicks_the_login_button()&amp#27;[0m
  &amp#27;[32mThen &amp#27;[0m&amp#27;[32mThe user should be informed that the login failed&amp#27;[0m &amp#27;[90m# com.revature.step.LoginSteps.the_user_should_be_informed_the_login_failed()&amp#27;[0m
]]></system-out>
  </testcase>
  <testcase name="Negative scenario empty password" classname="Login" time="0.701">
    <system-out><![CDATA[
@Login @REV-TC-15 @JREQ-REV-21
Scenario Outline: Negative scenario empty password       &amp#27;[90m# features/Login.feature:62&amp#27;[0m
  &amp#27;[32mGiven &amp#27;[0m&amp#27;[32mThe user navigates to the landing page&amp#27;[0m           &amp#27;[90m# com.revature.step.LoginSteps.the_user_navigates_to_the_landing_page()&amp#27;[0m
  &amp#27;[32mWhen &amp#27;[0m&amp#27;[32mThe user enters username &amp#27;[0m&amp#27;[32m&amp#27;[1m"CarlSagan"&amp#27;[0m              &amp#27;[90m# com.revature.step.LoginSteps.the_user_enters_username(java.lang.String)&amp#27;[0m
  &amp#27;[32mWhen &amp#27;[0m&amp#27;[32mThe user enters empty password &amp#27;[0m&amp#27;[32m&amp#27;[1m""&amp#27;[0m                 &amp#27;[90m# com.revature.step.LoginSteps.the_user_enters_empty_password(java.lang.String)&amp#27;[0m
  &amp#27;[32mWhen &amp#27;[0m&amp#27;[32mThe user clicks the login button&amp#27;[0m                  &amp#27;[90m# com.revature.step.LoginSteps.the_user_clicks_the_login_button()&amp#27;[0m
  &amp#27;[32mThen &amp#27;[0m&amp#27;[32mThe user should be informed that the login failed&amp#27;[0m &amp#27;[90m# com.revature.step.LoginSteps.the_user_should_be_informed_the_login_failed()&amp#27;[0m
]]></system-out>
  </testcase>
  <testcase name="Positive scenario view celestial bodies" classname="ViewCelestialBodies" time="0.029">
    <error message="The step &quot;a valid username and password, a user should be able to view planets and moons&quot; is undefined. You can implement it using the snippet(s) below:&#10;&#10;@Given(&quot;a valid username and password, a user should be able to view planets and moons&quot;)&#10;public void a_valid_username_and_password_a_user_should_be_able_to_view_planets_and_moons() {&#10;    // Write code here that turns the phrase above into concrete actions&#10;    throw new io.cucumber.java.PendingException();&#10;}&#10;&#10;&#10;Some other steps were also undefined:&#10;&#10;@Given(&quot;The user is logged in&quot;)&#10;public void the_user_is_logged_in() {&#10;    // Write code here that turns the phrase above into concrete actions&#10;    throw new io.cucumber.java.PendingException();&#10;}&#10;@Then(&quot;The user should view celestial bodies page&quot;)&#10;public void the_user_should_view_celestial_bodies_page() {&#10;    // Write code here that turns the phrase above into concrete actions&#10;    throw new io.cucumber.java.PendingException();&#10;}&#10;" type="io.cucumber.junit.UndefinedStepException"><![CDATA[io.cucumber.junit.UndefinedStepException: 
The step "a valid username and password, a user should be able to view planets and moons" is undefined. You can implement it using the snippet(s) below:

@Given("a valid username and password, a user should be able to view planets and moons")
public void a_valid_username_and_password_a_user_should_be_able_to_view_planets_and_moons() {
    // Write code here that turns the phrase above into concrete actions
    throw new io.cucumber.java.PendingException();
}


Some other steps were also undefined:

@Given("The user is logged in")
public void the_user_is_logged_in() {
    // Write code here that turns the phrase above into concrete actions
    throw new io.cucumber.java.PendingException();
}
@Then("The user should view celestial bodies page")
public void the_user_should_view_celestial_bodies_page() {
    // Write code here that turns the phrase above into concrete actions
    throw new io.cucumber.java.PendingException();
}

]]></error>
    <system-out><![CDATA[
@ViewCelestialBodies @REV-TC-16 @JREQ-REV-25
Scenario: Positive scenario view celestial bodies                                      &amp#27;[90m# features/ViewCelestialBodies.feature:5&amp#27;[0m
  &amp#27;[33mGiven &amp#27;[0m&amp#27;[33ma valid username and password, a user should be able to view planets and moons&amp#27;[0m &amp#27;[90m# null&amp#27;[0m
  &amp#27;[36mGiven &amp#27;[0m&amp#27;[36mThe user is logged in&amp#27;[0m                                                          &amp#27;[90m# null&amp#27;[0m
  &amp#27;[36mThen &amp#27;[0m&amp#27;[36mThe user should view celestial bodies page&amp#27;[0m                                      &amp#27;[90m# null&amp#27;[0m
]]></system-out>
  </testcase>
  <testcase name="Negative Scenario unauthenticated user" classname="ViewCelestialBodies" time="0.004">
    <error message="The step &quot;an unauthenticated user, attempting to view celestial bodies should prompt for login.&quot; is undefined. You can implement it using the snippet(s) below:&#10;&#10;@Given(&quot;an unauthenticated user, attempting to view celestial bodies should prompt for login.&quot;)&#10;public void an_unauthenticated_user_attempting_to_view_celestial_bodies_should_prompt_for_login() {&#10;    // Write code here that turns the phrase above into concrete actions&#10;    throw new io.cucumber.java.PendingException();&#10;}&#10;&#10;&#10;Some other steps were also undefined:&#10;&#10;@Given(&quot;The user is not logged in&quot;)&#10;public void the_user_is_not_logged_in() {&#10;    // Write code here that turns the phrase above into concrete actions&#10;    throw new io.cucumber.java.PendingException();&#10;}&#10;@Then(&quot;The user should not view celestial bodies page&quot;)&#10;public void the_user_should_not_view_celestial_bodies_page() {&#10;    // Write code here that turns the phrase above into concrete actions&#10;    throw new io.cucumber.java.PendingException();&#10;}&#10;" type="io.cucumber.junit.UndefinedStepException"><![CDATA[io.cucumber.junit.UndefinedStepException: 
The step "an unauthenticated user, attempting to view celestial bodies should prompt for login." is undefined. You can implement it using the snippet(s) below:

@Given("an unauthenticated user, attempting to view celestial bodies should prompt for login.")
public void an_unauthenticated_user_attempting_to_view_celestial_bodies_should_prompt_for_login() {
    // Write code here that turns the phrase above into concrete actions
    throw new io.cucumber.java.PendingException();
}


Some other steps were also undefined:

@Given("The user is not logged in")
public void the_user_is_not_logged_in() {
    // Write code here that turns the phrase above into concrete actions
    throw new io.cucumber.java.PendingException();
}
@Then("The user should not view celestial bodies page")
public void the_user_should_not_view_celestial_bodies_page() {
    // Write code here that turns the phrase above into concrete actions
    throw new io.cucumber.java.PendingException();
}

]]></error>
    <system-out><![CDATA[
@ViewCelestialBodies @REV-TC-17 @JREQ-REV-26
Scenario: Negative Scenario unauthenticated user                                              &amp#27;[90m# features/ViewCelestialBodies.feature:11&amp#27;[0m
  &amp#27;[33mGiven &amp#27;[0m&amp#27;[33man unauthenticated user, attempting to view celestial bodies should prompt for login.&amp#27;[0m &amp#27;[90m# null&amp#27;[0m
  &amp#27;[36mGiven &amp#27;[0m&amp#27;[36mThe user is not logged in&amp#27;[0m                                                             &amp#27;[90m# null&amp#27;[0m
  &amp#27;[36mThen &amp#27;[0m&amp#27;[36mThe user should not view celestial bodies page&amp#27;[0m                                         &amp#27;[90m# null&amp#27;[0m
]]></system-out>
  </testcase>
</testsuite>